# JRE version: OpenJDK Runtime Environment (8.0_152-b01) (build 1.8.0_152-release-1248-b01)
# Java VM: OpenJDK 64-Bit Server VM (25.152-b01 mixed mode windows-amd64 compressed oops)
Heap:
 PSYoungGen      total 369664K, used 275012K [0x00000000e0000000, 0x00000000fee00000, 0x0000000100000000)
  eden space 268800K, 72% used [0x00000000e0000000,0x00000000ebef9c08,0x00000000f0680000)
  from space 100864K, 78% used [0x00000000f0680000,0x00000000f5417798,0x00000000f6900000)
  to   space 106496K, 63% used [0x00000000f8600000,0x00000000fc7ea168,0x00000000fee00000)
 ParOldGen       total 279552K, used 73538K [0x00000000a0000000, 0x00000000b1100000, 0x00000000e0000000)
  object space 279552K, 26% used [0x00000000a0000000,0x00000000a47d0948,0x00000000b1100000)
 Metaspace       used 142447K, capacity 146062K, committed 152576K, reserved 1183744K
  class space    used 16597K, capacity 17542K, committed 18728K, reserved 1048576K
GC Heap History (10 events):
Event: 5328.997 GC heap after
Heap after GC invocations=38 (full 5):
 PSYoungGen      total 324096K, used 0K [0x00000000e0000000, 0x00000000fac80000, 0x0000000100000000)
  eden space 237568K, 0% used [0x00000000e0000000,0x00000000e0000000,0x00000000ee800000)
  from space 86528K, 0% used [0x00000000ee800000,0x00000000ee800000,0x00000000f3c80000)
  to   space 88576K, 0% used [0x00000000f5600000,0x00000000f5600000,0x00000000fac80000)
 ParOldGen       total 279552K, used 73498K [0x00000000a0000000, 0x00000000b1100000, 0x00000000e0000000)
  object space 279552K, 26% used [0x00000000a0000000,0x00000000a47c6948,0x00000000b1100000)
 Metaspace       used 128190K, capacity 131234K, committed 152576K, reserved 1183744K
  class space    used 14873K, capacity 15662K, committed 18728K, reserved 1048576K
}
Event: 5931.988 GC heap before
{Heap before GC invocations=39 (full 5):
 PSYoungGen      total 324096K, used 237568K [0x00000000e0000000, 0x00000000fac80000, 0x0000000100000000)
  eden space 237568K, 100% used [0x00000000e0000000,0x00000000ee800000,0x00000000ee800000)
  from space 86528K, 0% used [0x00000000ee800000,0x00000000ee800000,0x00000000f3c80000)
  to   space 88576K, 0% used [0x00000000f5600000,0x00000000f5600000,0x00000000fac80000)
 ParOldGen       total 279552K, used 73498K [0x00000000a0000000, 0x00000000b1100000, 0x00000000e0000000)
  object space 279552K, 26% used [0x00000000a0000000,0x00000000a47c6948,0x00000000b1100000)
 Metaspace       used 131873K, capacity 135098K, committed 152576K, reserved 1183744K
  class space    used 15398K, capacity 16234K, committed 18728K, reserved 1048576K
Event: 5932.017 GC heap after
Heap after GC invocations=39 (full 5):
 PSYoungGen      total 339968K, used 52851K [0x00000000e0000000, 0x00000000fa680000, 0x0000000100000000)
  eden space 257536K, 0% used [0x00000000e0000000,0x00000000e0000000,0x00000000efb80000)
  from space 82432K, 64% used [0x00000000f5600000,0x00000000f899cf70,0x00000000fa680000)
  to   space 87552K, 0% used [0x00000000efb80000,0x00000000efb80000,0x00000000f5100000)
 ParOldGen       total 279552K, used 73506K [0x00000000a0000000, 0x00000000b1100000, 0x00000000e0000000)
  object space 279552K, 26% used [0x00000000a0000000,0x00000000a47c8948,0x00000000b1100000)
 Metaspace       used 131873K, capacity 135098K, committed 152576K, reserved 1183744K
  class space    used 15398K, capacity 16234K, committed 18728K, reserved 1048576K
}
Event: 6465.533 GC heap before
{Heap before GC invocations=40 (full 5):
 PSYoungGen      total 339968K, used 310387K [0x00000000e0000000, 0x00000000fa680000, 0x0000000100000000)
  eden space 257536K, 100% used [0x00000000e0000000,0x00000000efb80000,0x00000000efb80000)
  from space 82432K, 64% used [0x00000000f5600000,0x00000000f899cf70,0x00000000fa680000)
  to   space 87552K, 0% used [0x00000000efb80000,0x00000000efb80000,0x00000000f5100000)
 ParOldGen       total 279552K, used 73506K [0x00000000a0000000, 0x00000000b1100000, 0x00000000e0000000)
  object space 279552K, 26% used [0x00000000a0000000,0x00000000a47c8948,0x00000000b1100000)
 Metaspace       used 134100K, capacity 137572K, committed 152576K, reserved 1183744K
  class space    used 15648K, capacity 16547K, committed 18728K, reserved 1048576K
Event: 6465.566 GC heap after
Heap after GC invocations=40 (full 5):
 PSYoungGen      total 345088K, used 74858K [0x00000000e0000000, 0x00000000fc500000, 0x0000000100000000)
  eden space 257536K, 0% used [0x00000000e0000000,0x00000000e0000000,0x00000000efb80000)
  from space 87552K, 85% used [0x00000000efb80000,0x00000000f449aac0,0x00000000f5100000)
  to   space 94208K, 0% used [0x00000000f6900000,0x00000000f6900000,0x00000000fc500000)
 ParOldGen       total 279552K, used 73514K [0x00000000a0000000, 0x00000000b1100000, 0x00000000e0000000)
  object space 279552K, 26% used [0x00000000a0000000,0x00000000a47ca948,0x00000000b1100000)
 Metaspace       used 134100K, capacity 137572K, committed 152576K, reserved 1183744K
  class space    used 15648K, capacity 16547K, committed 18728K, reserved 1048576K
}
Event: 6723.009 GC heap before
{Heap before GC invocations=41 (full 5):
 PSYoungGen      total 345088K, used 332394K [0x00000000e0000000, 0x00000000fc500000, 0x0000000100000000)
  eden space 257536K, 100% used [0x00000000e0000000,0x00000000efb80000,0x00000000efb80000)
  from space 87552K, 85% used [0x00000000efb80000,0x00000000f449aac0,0x00000000f5100000)
  to   space 94208K, 0% used [0x00000000f6900000,0x00000000f6900000,0x00000000fc500000)
 ParOldGen       total 279552K, used 73514K [0x00000000a0000000, 0x00000000b1100000, 0x00000000e0000000)
  object space 279552K, 26% used [0x00000000a0000000,0x00000000a47ca948,0x00000000b1100000)
 Metaspace       used 135651K, capacity 139134K, committed 152576K, reserved 1183744K
  class space    used 15798K, capacity 16726K, committed 18728K, reserved 1048576K
Event: 6723.050 GC heap after
Heap after GC invocations=41 (full 5):
 PSYoungGen      total 363008K, used 78424K [0x00000000e0000000, 0x00000000fce80000, 0x0000000100000000)
  eden space 268800K, 0% used [0x00000000e0000000,0x00000000e0000000,0x00000000f0680000)
  from space 94208K, 83% used [0x00000000f6900000,0x00000000fb596218,0x00000000fc500000)
  to   space 100864K, 0% used [0x00000000f0680000,0x00000000f0680000,0x00000000f6900000)
 ParOldGen       total 279552K, used 73522K [0x00000000a0000000, 0x00000000b1100000, 0x00000000e0000000)
  object space 279552K, 26% used [0x00000000a0000000,0x00000000a47cc948,0x00000000b1100000)
 Metaspace       used 135651K, capacity 139134K, committed 152576K, reserved 1183744K
  class space    used 15798K, capacity 16726K, committed 18728K, reserved 1048576K
}
Event: 6724.248 GC heap before
{Heap before GC invocations=42 (full 5):
 PSYoungGen      total 363008K, used 347224K [0x00000000e0000000, 0x00000000fce80000, 0x0000000100000000)
  eden space 268800K, 100% used [0x00000000e0000000,0x00000000f0680000,0x00000000f0680000)
  from space 94208K, 83% used [0x00000000f6900000,0x00000000fb596218,0x00000000fc500000)
  to   space 100864K, 0% used [0x00000000f0680000,0x00000000f0680000,0x00000000f6900000)
 ParOldGen       total 279552K, used 73522K [0x00000000a0000000, 0x00000000b1100000, 0x00000000e0000000)
  object space 279552K, 26% used [0x00000000a0000000,0x00000000a47cc948,0x00000000b1100000)
 Metaspace       used 141817K, capacity 145438K, committed 152576K, reserved 1183744K
  class space    used 16556K, capacity 17510K, committed 18728K, reserved 1048576K
Event: 6724.282 GC heap after
Heap after GC invocations=42 (full 5):
 PSYoungGen      total 369664K, used 79453K [0x00000000e0000000, 0x00000000fee00000, 0x0000000100000000)
  eden space 268800K, 0% used [0x00000000e0000000,0x00000000e0000000,0x00000000f0680000)
  from space 100864K, 78% used [0x00000000f0680000,0x00000000f5417798,0x00000000f6900000)
  to   space 106496K, 0% used [0x00000000f8600000,0x00000000f8600000,0x00000000fee00000)
 ParOldGen       total 279552K, used 73530K [0x00000000a0000000, 0x00000000b1100000, 0x00000000e0000000)
  object space 279552K, 26% used [0x00000000a0000000,0x00000000a47ce948,0x00000000b1100000)
 Metaspace       used 141817K, capacity 145438K, committed 152576K, reserved 1183744K
  class space    used 16556K, capacity 17510K, committed 18728K, reserved 1048576K
}
Event: 9142.890 GC heap before
{Heap before GC invocations=43 (full 5):
 PSYoungGen      total 369664K, used 275012K [0x00000000e0000000, 0x00000000fee00000, 0x0000000100000000)
  eden space 268800K, 72% used [0x00000000e0000000,0x00000000ebef9c08,0x00000000f0680000)
  from space 100864K, 78% used [0x00000000f0680000,0x00000000f5417798,0x00000000f6900000)
  to   space 106496K, 0% used [0x00000000f8600000,0x00000000f8600000,0x00000000fee00000)
 ParOldGen       total 279552K, used 73530K [0x00000000a0000000, 0x00000000b1100000, 0x00000000e0000000)
  object space 279552K, 26% used [0x00000000a0000000,0x00000000a47ce948,0x00000000b1100000)
 Metaspace       used 142447K, capacity 146062K, committed 152576K, reserved 1183744K
  class space    used 16597K, capacity 17542K, committed 18728K, reserved 1048576K

